  dllmain.cpp
C:\Users\hiroki_repo\source\repos\linux_svc\dllmain.cpp(47,26): warning C4838: 'int' から 'char' への変換には縮小変換が必要です
C:\Users\hiroki_repo\source\repos\linux_svc\dllmain.cpp(47,26): warning C4309: '初期化中': 定数値が切り捨てられました。
C:\Users\hiroki_repo\source\repos\linux_svc\dllmain.cpp(47,32): warning C4838: 'int' から 'char' への変換には縮小変換が必要です
C:\Users\hiroki_repo\source\repos\linux_svc\dllmain.cpp(47,32): warning C4309: '初期化中': 定数値が切り捨てられました。
C:\Users\hiroki_repo\source\repos\linux_svc\dllmain.cpp(47,38): warning C4838: 'int' から 'char' への変換には縮小変換が必要です
C:\Users\hiroki_repo\source\repos\linux_svc\dllmain.cpp(47,38): warning C4309: '初期化中': 定数値が切り捨てられました。
C:\Users\hiroki_repo\source\repos\linux_svc\dllmain.cpp(47,44): warning C4838: 'int' から 'char' への変換には縮小変換が必要です
C:\Users\hiroki_repo\source\repos\linux_svc\dllmain.cpp(47,44): warning C4309: '初期化中': 定数値が切り捨てられました。
C:\Users\hiroki_repo\source\repos\linux_svc\dllmain.cpp(47,74): warning C4838: 'int' から 'char' への変換には縮小変換が必要です
C:\Users\hiroki_repo\source\repos\linux_svc\dllmain.cpp(47,74): warning C4309: '初期化中': 定数値が切り捨てられました。
C:\Users\hiroki_repo\source\repos\linux_svc\dllmain.cpp(47,92): warning C4838: 'int' から 'char' への変換には縮小変換が必要です
C:\Users\hiroki_repo\source\repos\linux_svc\dllmain.cpp(47,92): warning C4309: '初期化中': 定数値が切り捨てられました。
C:\Users\hiroki_repo\source\repos\linux_svc\dllmain.cpp(47,110): warning C4838: 'int' から 'char' への変換には縮小変換が必要です
C:\Users\hiroki_repo\source\repos\linux_svc\dllmain.cpp(47,110): warning C4309: '初期化中': 定数値が切り捨てられました。
C:\Users\hiroki_repo\source\repos\linux_svc\dllmain.cpp(47,128): warning C4838: 'int' から 'char' への変換には縮小変換が必要です
C:\Users\hiroki_repo\source\repos\linux_svc\dllmain.cpp(47,128): warning C4309: '初期化中': 定数値が切り捨てられました。
C:\Users\hiroki_repo\source\repos\linux_svc\dllmain.cpp(47,146): warning C4838: 'int' から 'char' への変換には縮小変換が必要です
C:\Users\hiroki_repo\source\repos\linux_svc\dllmain.cpp(47,146): warning C4309: '初期化中': 定数値が切り捨てられました。
C:\Users\hiroki_repo\source\repos\linux_svc\dllmain.cpp(47,164): warning C4838: 'int' から 'char' への変換には縮小変換が必要です
C:\Users\hiroki_repo\source\repos\linux_svc\dllmain.cpp(47,164): warning C4309: '初期化中': 定数値が切り捨てられました。
C:\Users\hiroki_repo\source\repos\linux_svc\dllmain.cpp(47,182): warning C4838: 'int' から 'char' への変換には縮小変換が必要です
C:\Users\hiroki_repo\source\repos\linux_svc\dllmain.cpp(47,182): warning C4309: '初期化中': 定数値が切り捨てられました。
C:\Users\hiroki_repo\source\repos\linux_svc\dllmain.cpp(47,200): warning C4838: 'int' から 'char' への変換には縮小変換が必要です
C:\Users\hiroki_repo\source\repos\linux_svc\dllmain.cpp(47,200): warning C4309: '初期化中': 定数値が切り捨てられました。
C:\Users\hiroki_repo\source\repos\linux_svc\dllmain.cpp(47,206): warning C4838: 'int' から 'char' への変換には縮小変換が必要です
C:\Users\hiroki_repo\source\repos\linux_svc\dllmain.cpp(47,206): warning C4309: '初期化中': 定数値が切り捨てられました。
C:\Users\hiroki_repo\source\repos\linux_svc\dllmain.cpp(47,236): warning C4838: 'int' から 'char' への変換には縮小変換が必要です
C:\Users\hiroki_repo\source\repos\linux_svc\dllmain.cpp(47,236): warning C4309: '初期化中': 定数値が切り捨てられました。
C:\Users\hiroki_repo\source\repos\linux_svc\dllmain.cpp(76,12): warning C4101: 'svctmp': ローカル変数は 1 度も使われていません。
     ライブラリ C:\Users\hiroki_repo\source\repos\linux_svc\Release\linux_svc.lib とオブジェクト C:\Users\hiroki_repo\source\repos\linux_svc\Release\linux_svc.exp を作成中
  コード生成しています。
C:\Users\hiroki_repo\source\repos\linux_svc\dllmain.cpp(89): warning C4731: 'svc': インライン アセンブラー コードにより変更されたフレーム ポインター レジスタ 'ebp' です。
C:\Users\hiroki_repo\source\repos\linux_svc\dllmain.cpp(91): warning C4731: 'svc': インライン アセンブラー コードにより変更されたフレーム ポインター レジスタ 'ebp' です。
  1 of 2 functions (50.0%) were compiled, the rest were copied from previous compilation.
    0 functions were new in current compilation
    0 functions had inline decision re-evaluated but remain unchanged
  コード生成が終了しました。
  linux_svc.vcxproj -> C:\Users\hiroki_repo\source\repos\linux_svc\Release\linux_svc.dll
